{"level":"info","message":"Server started at PORT 9000"}
{"level":"info","message":"Server started at PORT 9000"}
{"level":"info","message":"Server started at PORT 9000"}
{"level":"info","message":"Server started at PORT 9000"}
{"level":"info","message":"Server started at PORT 9000"}
{"level":"info","message":"Server started at PORT 9000"}
{"level":"info","message":"Server started at PORT 9000"}
{"level":"info","message":"Server started at PORT 9000"}
{"level":"info","message":"Server started at PORT 9000"}
{"level":"info","message":"Server started at PORT 9000"}
{"level":"info","message":"Server started at PORT 9000"}
{"level":"info","message":"Server started at PORT 9000"}
{"level":"info","message":"Server started at PORT 9000"}
{"level":"info","message":"Server started at PORT 9000"}
{"level":"info","message":"Server started at PORT 9000"}
{"level":"info","message":"Server started at PORT 9000"}
{"level":"info","message":"Server started at PORT 9000"}
{"level":"info","message":"Server started at PORT 9000"}
{"level":"info","message":"Server started at PORT 9000"}
{"level":"info","message":"Server started at PORT 9000"}
{"level":"info","message":"Server started at PORT 9000"}
{"level":"info","message":"Server started at PORT 9000"}
{"level":"info","message":"Server started at PORT 9000"}
{"level":"info","message":"Server started at PORT 9000"}
{"level":"info","message":"Server started at PORT 9000"}
{"level":"info","message":"Server started at PORT 9000"}
{"level":"info","message":"Server started at PORT 9000"}
{"level":"info","message":"Server started at PORT 9000"}
{"level":"info","message":"Server started at PORT 9000"}
{"level":"info","message":"Server started at PORT 9000"}
{"level":"info","message":"Server started at PORT 9000"}
{"level":"info","message":"Server started at PORT 9000"}
{"level":"info","message":"Server started at PORT 9000"}
{"level":"info","message":"Server started at PORT 9000"}
{"level":"info","message":"Server started at PORT 9000"}
{"level":"info","message":"Server started at PORT 9000"}
{"level":"info","message":"Server started at PORT 9000"}
{"level":"info","message":"Server started at PORT 9000"}
{"level":"info","message":"Server started at PORT 9000"}
{"level":"info","message":"Server started at PORT 9000"}
{"level":"info","message":"Server started at PORT 9000"}
{"level":"info","message":"Server started at PORT 9000"}
{"level":"info","message":"Server started at PORT 9000"}
{"level":"info","message":"Server started at PORT 9000"}
{"level":"info","message":"Server started at PORT 9000"}
{"level":"info","message":"Server started at PORT 9000"}
{"level":"info","message":"Server started at PORT 9000"}
{"level":"info","message":"Server started at PORT 9000"}
{"level":"info","message":"Server started at PORT 9000"}
{"level":"info","message":"Server started at PORT 9000"}
{"level":"info","message":"Server started at PORT 9000"}
{"level":"info","message":"Server started at PORT 9000"}
{"level":"info","message":"Server started at PORT 9000"}
{"level":"info","message":"Server started at PORT 9000"}
{"level":"info","message":"Server started at PORT 9000"}
{"level":"info","message":"Server started at PORT 9000"}
{"level":"info","message":"Server started at PORT 9000"}
{"level":"info","message":"Server started at PORT 9000"}
{"level":"info","message":"Server started at PORT 9000"}
{"level":"info","message":"Server started at PORT 9000"}
{"level":"info","message":"Server started at PORT 9000"}
{"level":"info","message":"Server started at PORT 9000"}
{"level":"info","message":"Server started at PORT 9000"}
{"level":"info","message":"Server started at PORT 9000"}
{"level":"info","message":"Server started at PORT 9000"}
{"level":"info","message":"Server started at PORT 9000"}
{"level":"info","message":"Server started at PORT 9000"}
{"level":"info","message":"Server started at PORT 9000"}
{"level":"info","message":"Server started at PORT 9000"}
{"level":"info","message":"Server started at PORT 9000"}
{"level":"info","message":"Server started at PORT 9000"}
{"level":"info","message":"Server started at PORT 9000"}
{"level":"info","message":"Server started at PORT 9000"}
{"level":"info","message":"Server started at PORT 9000"}
{"level":"info","message":"Server started at PORT 9000"}
{"level":"info","message":"Server started at PORT 9000"}
{"level":"info","message":"Server started at PORT 9000"}
{"level":"info","message":"Server started at PORT 9000"}
{"level":"info","message":"Server started at PORT 9000"}
{"level":"info","message":"Server started at PORT 9000"}
{"level":"info","message":"Server started at PORT 9000"}
{"level":"info","message":"Server started at PORT 9000"}
{"level":"info","message":"Server started at PORT 9000"}
{"level":"info","message":"Server started at PORT 9000"}
{"level":"info","message":"Server started at PORT 9000"}
{"level":"info","message":"Server started at PORT 9000"}
{"level":"info","message":"Server started at PORT 9000"}
{"level":"info","message":"Server started at PORT 9000"}
{"level":"info","message":"Server started at PORT 9000"}
{"level":"info","message":"Server started at PORT 9000"}
{"level":"info","message":"Server started at PORT 9000"}
{"level":"info","message":"Server started at PORT 9000"}
{"level":"info","message":"Server started at PORT 9000"}
{"level":"info","message":"Server started at PORT 9000"}
{"level":"info","message":"Server started at PORT 9000"}
{"level":"info","message":"Server started at PORT 9000"}
{"level":"info","message":"Server started at PORT 9000"}
{"level":"info","message":"Server started at PORT 9000"}
{"level":"info","message":"Server started at PORT 9000"}
{"level":"info","message":"Server started at PORT 9000"}
{"level":"info","message":"Server started at PORT 9000"}
{"level":"info","message":"Server started at PORT 9000"}
{"level":"info","message":"Server started at PORT 9000"}
{"level":"info","message":"Server started at PORT 9000"}
{"level":"info","message":"Server started at PORT 9000"}
{"level":"info","message":"Server started at PORT 9000"}
{"level":"info","message":"Server started at PORT 9000"}
{"level":"info","message":"Server started at PORT 9000"}
{"level":"info","message":"Server started at PORT 9000"}
{"level":"info","message":"Server started at PORT 9000"}
{"level":"info","message":"Server started at PORT 9000"}
{"level":"info","message":"Server started at PORT 9000"}
{"level":"info","message":"Server started at PORT 9000"}
{"level":"info","message":"Server started at PORT 9000"}
{"level":"info","message":"Server started at PORT 9000"}
{"level":"info","message":"Server started at PORT 9000"}
{"level":"info","message":"Server started at PORT 9000"}
{"level":"info","message":"Server started at PORT 9000"}
{"level":"info","message":"Server started at PORT 9000"}
{"level":"info","message":"Server started at PORT 9000"}
{"level":"info","message":"Server started at PORT 9000"}
{"address":"34.130.146.130","code":"ETIMEDOUT","errno":-4039,"level":"error","message":"Error occurred during database initialization... connect ETIMEDOUT 34.130.146.130:5432","port":5432,"stack":"Error: connect ETIMEDOUT 34.130.146.130:5432\n    at TCPConnectWrap.afterConnect [as oncomplete] (node:net:1494:16)","syscall":"connect"}
{"level":"info","message":"Server started at PORT 9000"}
{"address":"/cloudsql/frontend-mentor-393416:northamerica-northeast2:fem/.s.PGSQL.5432","code":"ENOENT","errno":-4058,"level":"error","message":"Error occurred during database initialization... connect ENOENT /cloudsql/frontend-mentor-393416:northamerica-northeast2:fem/.s.PGSQL.5432","stack":"Error: connect ENOENT /cloudsql/frontend-mentor-393416:northamerica-northeast2:fem/.s.PGSQL.5432\n    at PipeConnectWrap.afterConnect [as oncomplete] (node:net:1494:16)","syscall":"connect"}
{"level":"info","message":"Server started at PORT 9000"}
{"address":"34.124.127.194","code":"ETIMEDOUT","errno":-4039,"level":"error","message":"Error occurred during database initialization... connect ETIMEDOUT 34.124.127.194:5432","port":5432,"stack":"Error: connect ETIMEDOUT 34.124.127.194:5432\n    at TCPConnectWrap.afterConnect [as oncomplete] (node:net:1494:16)","syscall":"connect"}
{"level":"info","message":"Server started at PORT 9000"}
{"code":"ENOTFOUND","errno":-3008,"hostname":"containers-us-west-190.railway.app","level":"error","message":"Error occurred during database initialization... getaddrinfo ENOTFOUND containers-us-west-190.railway.app","stack":"Error: getaddrinfo ENOTFOUND containers-us-west-190.railway.app\n    at GetAddrInfoReqWrap.onlookup [as oncomplete] (node:dns:107:26)","syscall":"getaddrinfo"}
{"level":"info","message":"Server started at PORT 9000"}
{"address":"35.197.110.249","code":"ETIMEDOUT","errno":-4039,"level":"error","message":"Error occurred during database initialization... connect ETIMEDOUT 35.197.110.249:9000","port":9000,"stack":"Error: connect ETIMEDOUT 35.197.110.249:9000\n    at TCPConnectWrap.afterConnect [as oncomplete] (node:net:1494:16)","syscall":"connect"}
{"level":"info","message":"Server started at PORT 9000"}
{"address":"35.197.110.249","code":"ETIMEDOUT","errno":-4039,"level":"error","message":"Error occurred during database initialization... connect ETIMEDOUT 35.197.110.249:9000","port":9000,"stack":"Error: connect ETIMEDOUT 35.197.110.249:9000\n    at TCPConnectWrap.afterConnect [as oncomplete] (node:net:1494:16)","syscall":"connect"}
{"level":"info","message":"Server started at PORT 9000"}
{"level":"info","message":"Server started at PORT 9000"}
{"address":"35.197.110.249","code":"ETIMEDOUT","errno":-4039,"level":"error","message":"Error occurred during database initialization... connect ETIMEDOUT 35.197.110.249:9000","port":9000,"stack":"Error: connect ETIMEDOUT 35.197.110.249:9000\n    at TCPConnectWrap.afterConnect [as oncomplete] (node:net:1494:16)","syscall":"connect"}
{"level":"info","message":"Server started at PORT 9000"}
{"level":"info","message":"Database successfully initialized..."}
{"level":"info","message":"Server started at PORT 9000"}
{"level":"info","message":"Database successfully initialized..."}
{"level":"info","message":"Server started at PORT 9000"}
{"level":"info","message":"Database successfully initialized..."}
{"level":"info","message":"Server started at PORT 9000"}
{"level":"info","message":"Database successfully initialized..."}
{"level":"info","message":"Server started at PORT 9000"}
{"level":"info","message":"Database successfully initialized..."}
{"level":"info","message":"Server started at PORT 9000"}
{"level":"info","message":"Database successfully initialized..."}
{"level":"info","message":"Server started at PORT 9000"}
{"level":"info","message":"Database successfully initialized..."}
{"level":"info","message":"Server started at PORT 9000"}
{"level":"info","message":"Database successfully initialized..."}
{"level":"info","message":"Server started at PORT 9000"}
{"level":"info","message":"Database successfully initialized..."}
{"level":"info","message":"Server started at PORT 9000"}
{"level":"info","message":"Database successfully initialized..."}
{"level":"info","message":"Server started at PORT 9000"}
{"level":"info","message":"Database successfully initialized..."}
{"level":"info","message":"Server started at PORT 9000"}
{"level":"info","message":"Database successfully initialized..."}
{"level":"info","message":"Server started at PORT 9000"}
{"level":"info","message":"Database successfully initialized..."}
{"level":"info","message":"Server started at PORT 9000"}
{"code":"2BP01","detail":"constraint FK_67e5ec3f9c69c91c3f444d8bb6c on table item depends on index \"PK_44cf3d2265540e39818d7d9334b\"","driverError":{"code":"2BP01","detail":"constraint FK_67e5ec3f9c69c91c3f444d8bb6c on table item depends on index \"PK_44cf3d2265540e39818d7d9334b\"","file":"dependency.c","hint":"Use DROP ... CASCADE to drop the dependent objects too.","length":341,"line":"1189","name":"error","routine":"reportDependentObjects","severity":"ERROR"},"file":"dependency.c","hint":"Use DROP ... CASCADE to drop the dependent objects too.","length":341,"level":"error","line":"1189","message":"Error occurred during database initialization... cannot drop constraint PK_44cf3d2265540e39818d7d9334b on table invoice because other objects depend on it","query":"ALTER TABLE \"invoice\" DROP CONSTRAINT \"PK_44cf3d2265540e39818d7d9334b\"","routine":"reportDependentObjects","severity":"ERROR","stack":"QueryFailedError: cannot drop constraint PK_44cf3d2265540e39818d7d9334b on table invoice because other objects depend on it\n    at PostgresQueryRunner.query (D:\\Frontend Mentor\\fem-invoice\\server\\node_modules\\typeorm\\driver\\postgres\\PostgresQueryRunner.js:211:19)\n    at process.processTicksAndRejections (node:internal/process/task_queues:95:5)\n    at async PostgresQueryRunner.executeQueries (D:\\Frontend Mentor\\fem-invoice\\server\\node_modules\\typeorm\\query-runner\\BaseQueryRunner.js:424:13)\n    at async PostgresQueryRunner.dropColumn (D:\\Frontend Mentor\\fem-invoice\\server\\node_modules\\typeorm\\driver\\postgres\\PostgresQueryRunner.js:1194:9)\n    at async PostgresQueryRunner.dropColumns (D:\\Frontend Mentor\\fem-invoice\\server\\node_modules\\typeorm\\driver\\postgres\\PostgresQueryRunner.js:1203:13)\n    at async RdbmsSchemaBuilder.dropRemovedColumns (D:\\Frontend Mentor\\fem-invoice\\server\\node_modules\\typeorm\\schema-builder\\RdbmsSchemaBuilder.js:525:13)\n    at async RdbmsSchemaBuilder.executeSchemaSyncOperationsInProperOrder (D:\\Frontend Mentor\\fem-invoice\\server\\node_modules\\typeorm\\schema-builder\\RdbmsSchemaBuilder.js:167:9)\n    at async RdbmsSchemaBuilder.build (D:\\Frontend Mentor\\fem-invoice\\server\\node_modules\\typeorm\\schema-builder\\RdbmsSchemaBuilder.js:66:13)\n    at async DataSource.synchronize (D:\\Frontend Mentor\\fem-invoice\\server\\node_modules\\typeorm\\data-source\\DataSource.js:208:9)\n    at async DataSource.initialize (D:\\Frontend Mentor\\fem-invoice\\server\\node_modules\\typeorm\\data-source\\DataSource.js:153:17)"}
{"level":"info","message":"Server started at PORT 9000"}
{"level":"info","message":"Database successfully initialized..."}
{"level":"info","message":"Server started at PORT 9000"}
{"level":"info","message":"Database successfully initialized..."}
{"level":"info","message":"Server started at PORT 9000"}
{"level":"info","message":"Database successfully initialized..."}
{"level":"info","message":"Server started at PORT 9000"}
{"level":"info","message":"Database successfully initialized..."}
{"level":"info","message":"Server started at PORT 9000"}
{"level":"info","message":"Server started at PORT 9000"}
{"level":"info","message":"Database successfully initialized..."}
{"level":"info","message":"Server started at PORT 9000"}
{"level":"info","message":"Database successfully initialized..."}
{"level":"info","message":"Server started at PORT 9000"}
{"level":"info","message":"Database successfully initialized..."}
{"level":"info","message":"Server started at PORT 9000"}
{"level":"info","message":"Database successfully initialized..."}
{"level":"info","message":"Server started at PORT 9000"}
{"level":"info","message":"Database successfully initialized..."}
{"level":"info","message":"Server started at PORT 9000"}
{"level":"info","message":"Database successfully initialized..."}
{"level":"info","message":"Server started at PORT 9000"}
{"level":"info","message":"Database successfully initialized..."}
{"level":"info","message":"Server started at PORT 9000"}
{"level":"error","message":"Error occurred during database initialization... Data type \"double\" in \"Item.price\" is not supported by \"postgres\" database.","stack":"DataTypeNotSupportedError: Data type \"double\" in \"Item.price\" is not supported by \"postgres\" database.\n    at D:\\Frontend Mentor\\fem-invoice\\server\\node_modules\\typeorm\\metadata-builder\\EntityMetadataValidator.js:90:27\n    at Array.forEach (<anonymous>)\n    at EntityMetadataValidator.validate (D:\\Frontend Mentor\\fem-invoice\\server\\node_modules\\typeorm\\metadata-builder\\EntityMetadataValidator.js:86:18)\n    at D:\\Frontend Mentor\\fem-invoice\\server\\node_modules\\typeorm\\metadata-builder\\EntityMetadataValidator.js:38:58\n    at Array.forEach (<anonymous>)\n    at EntityMetadataValidator.validateMany (D:\\Frontend Mentor\\fem-invoice\\server\\node_modules\\typeorm\\metadata-builder\\EntityMetadataValidator.js:38:25)\n    at DataSource.buildMetadatas (D:\\Frontend Mentor\\fem-invoice\\server\\node_modules\\typeorm\\data-source\\DataSource.js:470:33)\n    at process.processTicksAndRejections (node:internal/process/task_queues:95:5)\n    at async DataSource.initialize (D:\\Frontend Mentor\\fem-invoice\\server\\node_modules\\typeorm\\data-source\\DataSource.js:141:13)"}
{"level":"info","message":"Server started at PORT 9000"}
{"level":"info","message":"Database successfully initialized..."}
{"level":"info","message":"Server started at PORT 9000"}
{"level":"info","message":"Database successfully initialized..."}
{"level":"info","message":"Server started at PORT 9000"}
{"code":"23502","column":"invoiceId","driverError":{"code":"23502","column":"invoiceId","file":"tablecmds.c","length":152,"line":"5443","name":"error","routine":"ATRewriteTable","schema":"public","severity":"ERROR","table":"invoice"},"file":"tablecmds.c","length":152,"level":"error","line":"5443","message":"Error occurred during database initialization... column \"invoiceId\" of relation \"invoice\" contains null values","query":"ALTER TABLE \"invoice\" ADD \"invoiceId\" character varying NOT NULL","routine":"ATRewriteTable","schema":"public","severity":"ERROR","stack":"QueryFailedError: column \"invoiceId\" of relation \"invoice\" contains null values\n    at PostgresQueryRunner.query (D:\\Frontend Mentor\\fem-invoice\\server\\node_modules\\typeorm\\driver\\postgres\\PostgresQueryRunner.js:211:19)\n    at process.processTicksAndRejections (node:internal/process/task_queues:95:5)\n    at async PostgresQueryRunner.executeQueries (D:\\Frontend Mentor\\fem-invoice\\server\\node_modules\\typeorm\\query-runner\\BaseQueryRunner.js:424:13)\n    at async PostgresQueryRunner.addColumn (D:\\Frontend Mentor\\fem-invoice\\server\\node_modules\\typeorm\\driver\\postgres\\PostgresQueryRunner.js:679:9)\n    at async PostgresQueryRunner.changeColumn (D:\\Frontend Mentor\\fem-invoice\\server\\node_modules\\typeorm\\driver\\postgres\\PostgresQueryRunner.js:738:13)\n    at async PostgresQueryRunner.changeColumns (D:\\Frontend Mentor\\fem-invoice\\server\\node_modules\\typeorm\\driver\\postgres\\PostgresQueryRunner.js:1091:13)\n    at async RdbmsSchemaBuilder.updateExistColumns (D:\\Frontend Mentor\\fem-invoice\\server\\node_modules\\typeorm\\schema-builder\\RdbmsSchemaBuilder.js:621:13)\n    at async RdbmsSchemaBuilder.executeSchemaSyncOperationsInProperOrder (D:\\Frontend Mentor\\fem-invoice\\server\\node_modules\\typeorm\\schema-builder\\RdbmsSchemaBuilder.js:170:9)\n    at async RdbmsSchemaBuilder.build (D:\\Frontend Mentor\\fem-invoice\\server\\node_modules\\typeorm\\schema-builder\\RdbmsSchemaBuilder.js:66:13)\n    at async DataSource.synchronize (D:\\Frontend Mentor\\fem-invoice\\server\\node_modules\\typeorm\\data-source\\DataSource.js:208:9)","table":"invoice"}
{"level":"info","message":"Server started at PORT 9000"}
{"code":"2BP01","detail":"constraint FK_67e5ec3f9c69c91c3f444d8bb6c on table item depends on index \"PK_c7e255ecd0c1a5ba5cb11e959ae\"","driverError":{"code":"2BP01","detail":"constraint FK_67e5ec3f9c69c91c3f444d8bb6c on table item depends on index \"PK_c7e255ecd0c1a5ba5cb11e959ae\"","file":"dependency.c","hint":"Use DROP ... CASCADE to drop the dependent objects too.","length":341,"line":"1189","name":"error","routine":"reportDependentObjects","severity":"ERROR"},"file":"dependency.c","hint":"Use DROP ... CASCADE to drop the dependent objects too.","length":341,"level":"error","line":"1189","message":"Error occurred during database initialization... cannot drop constraint PK_c7e255ecd0c1a5ba5cb11e959ae on table invoice because other objects depend on it","query":"ALTER TABLE \"invoice\" DROP CONSTRAINT \"PK_c7e255ecd0c1a5ba5cb11e959ae\"","routine":"reportDependentObjects","severity":"ERROR","stack":"QueryFailedError: cannot drop constraint PK_c7e255ecd0c1a5ba5cb11e959ae on table invoice because other objects depend on it\n    at PostgresQueryRunner.query (D:\\Frontend Mentor\\fem-invoice\\server\\node_modules\\typeorm\\driver\\postgres\\PostgresQueryRunner.js:211:19)\n    at process.processTicksAndRejections (node:internal/process/task_queues:95:5)\n    at async PostgresQueryRunner.executeQueries (D:\\Frontend Mentor\\fem-invoice\\server\\node_modules\\typeorm\\query-runner\\BaseQueryRunner.js:424:13)\n    at async PostgresQueryRunner.dropColumn (D:\\Frontend Mentor\\fem-invoice\\server\\node_modules\\typeorm\\driver\\postgres\\PostgresQueryRunner.js:1194:9)\n    at async PostgresQueryRunner.dropColumns (D:\\Frontend Mentor\\fem-invoice\\server\\node_modules\\typeorm\\driver\\postgres\\PostgresQueryRunner.js:1203:13)\n    at async RdbmsSchemaBuilder.dropRemovedColumns (D:\\Frontend Mentor\\fem-invoice\\server\\node_modules\\typeorm\\schema-builder\\RdbmsSchemaBuilder.js:525:13)\n    at async RdbmsSchemaBuilder.executeSchemaSyncOperationsInProperOrder (D:\\Frontend Mentor\\fem-invoice\\server\\node_modules\\typeorm\\schema-builder\\RdbmsSchemaBuilder.js:167:9)\n    at async RdbmsSchemaBuilder.build (D:\\Frontend Mentor\\fem-invoice\\server\\node_modules\\typeorm\\schema-builder\\RdbmsSchemaBuilder.js:66:13)\n    at async DataSource.synchronize (D:\\Frontend Mentor\\fem-invoice\\server\\node_modules\\typeorm\\data-source\\DataSource.js:208:9)\n    at async DataSource.initialize (D:\\Frontend Mentor\\fem-invoice\\server\\node_modules\\typeorm\\data-source\\DataSource.js:153:17)"}
